PR,M20T31M907WN69,CD559,25
PR,M2Y2XPSUI84D6Q,WAU0J,26
PR,M2BOSW3H5HZJF9,CD559,75
PR,M2OFC74NMRZWSV,WAU0J,96
PR,M2SXZCMSQQFX2U,QJBF3,97
PR,M2VT9KY0OFNGZ6,AOHMR,85
PR,M2W7TJ0RJWWB8Z,WAU0J,93
PR,M22NLLB8VX8YER,CVACB,46
PR,M2WXQ3A5AYQ5L7,VF80B,49
PR,M2BR4LNLUR8NBJ,CVACB,67
PR,M29709PKJDKG2Y,MRYVQ,88
PR,M2BIOHXWXASLBF,F5DAY,59
PR,M2VPD45NGN4P1O,F5DAY,65
PR,M2W0BJL35N88M7,5STSS,38
PR,M2F1WKUNVAUL44,QJBF3,65
PR,M2IC46ZLEIFG0B,TL6VP,31
PR,M2Q7ZQK91JUIBZ,VF80B,56
PR,M28LVCZJCL8CAS,W6CIC,58
PR,M2LQEC57EDR6R3,5STSS,42
PR,M2VXLYHPQCGINW,QJBF3,81
